2026-01-10T16:32:25.154+05:30  INFO 11632 --- [user-service] [main] [                                                 ] com.ecommerce.user.UserApplication       : Starting UserApplication using Java 17.0.12 with PID 11632 (C:\Users\AMAN\IdeaProjects\Microservices\ecommerce-microservice\user\target\classes started by AMAN in C:\Users\AMAN\IdeaProjects\Microservices\ecommerce-microservice)
2026-01-10T16:32:25.170+05:30 DEBUG 11632 --- [user-service] [main] [                                                 ] com.ecommerce.user.UserApplication       : Running with Spring Boot v4.0.0, Spring v7.0.1
2026-01-10T16:32:25.179+05:30  INFO 11632 --- [user-service] [main] [                                                 ] com.ecommerce.user.UserApplication       : No active profile set, falling back to 1 default profile: "default"
2026-01-10T16:32:25.269+05:30  INFO 11632 --- [user-service] [main] [                                                 ] o.s.c.c.c.ConfigServerConfigDataLoader   : Fetching config from server at : http://localhost:8888
2026-01-10T16:32:25.270+05:30  INFO 11632 --- [user-service] [main] [                                                 ] o.s.c.c.c.ConfigServerConfigDataLoader   : Located environment: name=user-service, profiles=[default], label=null, version=null, state=null
2026-01-10T16:32:27.928+05:30  INFO 11632 --- [user-service] [main] [                                                 ] .s.d.r.c.RepositoryConfigurationDelegate : Bootstrapping Spring Data MongoDB repositories in DEFAULT mode.
2026-01-10T16:32:28.352+05:30  INFO 11632 --- [user-service] [main] [                                                 ] .s.d.r.c.RepositoryConfigurationDelegate : Finished Spring Data repository scanning in 405 ms. Found 1 MongoDB repository interface.
2026-01-10T16:32:29.196+05:30  INFO 11632 --- [user-service] [main] [                                                 ] faultConfiguringBeanFactoryPostProcessor : No bean named 'errorChannel' has been explicitly defined. Therefore, a default PublishSubscribeChannel will be created.
2026-01-10T16:32:29.212+05:30  INFO 11632 --- [user-service] [main] [                                                 ] faultConfiguringBeanFactoryPostProcessor : No bean named 'integrationHeaderChannelRegistry' has been explicitly defined. Therefore, a default DefaultHeaderChannelRegistry will be created.
2026-01-10T16:32:29.324+05:30  INFO 11632 --- [user-service] [main] [                                                 ] o.s.cloud.context.scope.GenericScope     : BeanFactory id=198de2dc-4777-35aa-89f2-21d7cdd1128c
2026-01-10T16:32:30.188+05:30  INFO 11632 --- [user-service] [main] [                                                 ] o.s.boot.tomcat.TomcatWebServer          : Tomcat initialized with port 8082 (http)
2026-01-10T16:32:30.203+05:30  INFO 11632 --- [user-service] [main] [                                                 ] o.apache.catalina.core.StandardService   : Starting service [Tomcat]
2026-01-10T16:32:30.204+05:30  INFO 11632 --- [user-service] [main] [                                                 ] o.apache.catalina.core.StandardEngine    : Starting Servlet engine: [Apache Tomcat/11.0.14]
2026-01-10T16:32:30.340+05:30  INFO 11632 --- [user-service] [main] [                                                 ] b.w.c.s.WebApplicationContextInitializer : Root WebApplicationContext: initialization completed in 5061 ms
2026-01-10T16:32:31.641+05:30  INFO 11632 --- [user-service] [main] [                                                 ] org.mongodb.driver.client                : MongoClient with metadata {"driver": {"name": "mongo-java-driver|spring-boot|sync", "version": "5.6.1"}, "os": {"type": "Windows", "name": "Windows 11", "architecture": "amd64", "version": "10.0"}, "platform": "Java/Oracle Corporation/17.0.12+8-LTS-286"} created with settings MongoClientSettings{readPreference=primary, writeConcern=WriteConcern{w=null, wTimeout=null ms, journal=null}, retryWrites=true, retryReads=true, readConcern=ReadConcern{level=null}, credential=null, transportSettings=null, commandListeners=[io.micrometer.core.instrument.binder.mongodb.MongoMetricsCommandListener@33214124], codecRegistry=ProvidersCodecRegistry{codecProviders=[ValueCodecProvider{}, BsonValueCodecProvider{}, DBRefCodecProvider{}, DBObjectCodecProvider{}, DocumentCodecProvider{}, CollectionCodecProvider{}, IterableCodecProvider{}, MapCodecProvider{}, GeoJsonCodecProvider{}, GridFSFileCodecProvider{}, Jsr310CodecProvider{}, JsonObjectCodecProvider{}, BsonCodecProvider{}, com.mongodb.client.model.mql.ExpressionCodecProvider@2d3768ce, com.mongodb.Jep395RecordCodecProvider@2a9ea03f, com.mongodb.KotlinCodecProvider@1231f25c, EnumCodecProvider{}]}, loggerSettings=LoggerSettings{maxDocumentLength=1000}, clusterSettings={hosts=[localhost:27017], srvServiceName=mongodb, mode=SINGLE, requiredClusterType=UNKNOWN, requiredReplicaSetName='null', serverSelector='null', clusterListeners='[]', serverSelectionTimeout='30000 ms', localThreshold='15 ms'}, socketSettings=SocketSettings{connectTimeoutMS=10000, readTimeoutMS=0, receiveBufferSize=0, proxySettings=ProxySettings{host=null, port=null, username=null, password=null}}, heartbeatSocketSettings=SocketSettings{connectTimeoutMS=10000, readTimeoutMS=10000, receiveBufferSize=0, proxySettings=ProxySettings{host=null, port=null, username=null, password=null}}, connectionPoolSettings=ConnectionPoolSettings{maxSize=100, minSize=0, maxWaitTimeMS=120000, maxConnectionLifeTimeMS=0, maxConnectionIdleTimeMS=0, maintenanceInitialDelayMS=0, maintenanceFrequencyMS=60000, connectionPoolListeners=[io.micrometer.core.instrument.binder.mongodb.MongoMetricsConnectionPoolListener@2ba0b95f], maxConnecting=2}, serverSettings=ServerSettings{heartbeatFrequencyMS=10000, minHeartbeatFrequencyMS=500, serverMonitoringMode=AUTO, serverListeners='[]', serverMonitorListeners='[]'}, sslSettings=SslSettings{enabled=false, invalidHostNameAllowed=false, context=null}, applicationName='null', compressorList=[], uuidRepresentation=UNSPECIFIED, serverApi=null, autoEncryptionSettings=null, dnsClient=null, inetAddressResolver=null, contextProvider=null, timeoutMS=null}
2026-01-10T16:32:31.805+05:30  INFO 11632 --- [user-service] [cluster-ClusterId{value='696231c7ecd22d50f1c83a8c', description='null'}-localhost:27017] [                                                 ] org.mongodb.driver.cluster               : Monitor thread successfully connected to server with description ServerDescription{address=localhost:27017, type=STANDALONE, cryptd=false, state=CONNECTED, ok=true, minWireVersion=0, maxWireVersion=27, maxDocumentSize=16777216, logicalSessionTimeoutMinutes=30, roundTripTimeNanos=177503700, minRoundTripTimeNanos=0}
2026-01-10T16:32:34.002+05:30  INFO 11632 --- [user-service] [main] [                                                 ] o.s.c.s.m.DirectWithAttributesChannel    : Channel 'user-service.springCloudBusInput' has 1 subscriber(s).
2026-01-10T16:32:35.180+05:30  INFO 11632 --- [user-service] [main] [                                                 ] DiscoveryClientOptionalArgsConfiguration : Eureka HTTP Client uses RestClient.
2026-01-10T16:32:35.292+05:30  WARN 11632 --- [user-service] [main] [                                                 ] iguration$LoadBalancerCaffeineWarnLogger : Spring Cloud LoadBalancer is currently working with the default cache. While this cache implementation is useful for development and tests, it's recommended to use Caffeine cache in production.You can switch to using Caffeine cache, by adding it and org.springframework.cache.caffeine.CaffeineCacheManager to the classpath.
2026-01-10T16:32:35.303+05:30  INFO 11632 --- [user-service] [main] [                                                 ] o.s.b.a.e.web.EndpointLinksResolver      : Exposing 25 endpoints beneath base path '/actuator'
2026-01-10T16:32:35.502+05:30  INFO 11632 --- [user-service] [main] [                                                 ] o.s.i.endpoint.EventDrivenConsumer       : Adding {logging-channel-adapter:_org.springframework.integration.errorLogger} as a subscriber to the 'errorChannel' channel
2026-01-10T16:32:35.502+05:30  INFO 11632 --- [user-service] [main] [                                                 ] o.s.i.channel.PublishSubscribeChannel    : Channel 'user-service.errorChannel' has 1 subscriber(s).
2026-01-10T16:32:35.503+05:30  INFO 11632 --- [user-service] [main] [                                                 ] o.s.i.endpoint.EventDrivenConsumer       : started bean '_org.springframework.integration.errorLogger'
2026-01-10T16:32:35.553+05:30  INFO 11632 --- [user-service] [main] [                                                 ] o.s.c.n.eureka.InstanceInfoFactory       : Setting initial instance status as: STARTING
2026-01-10T16:32:35.619+05:30  INFO 11632 --- [user-service] [main] [                                                 ] com.netflix.discovery.DiscoveryClient    : Initializing Eureka in region us-east-1
2026-01-10T16:32:35.626+05:30  INFO 11632 --- [user-service] [main] [                                                 ] c.n.d.s.r.aws.ConfigClusterResolver      : Resolving eureka endpoints via configuration
2026-01-10T16:32:35.643+05:30  INFO 11632 --- [user-service] [main] [                                                 ] com.netflix.discovery.DiscoveryClient    : Disable delta property : false
2026-01-10T16:32:35.643+05:30  INFO 11632 --- [user-service] [main] [                                                 ] com.netflix.discovery.DiscoveryClient    : Single vip registry refresh property : null
2026-01-10T16:32:35.644+05:30  INFO 11632 --- [user-service] [main] [                                                 ] com.netflix.discovery.DiscoveryClient    : Force full registry fetch : false
2026-01-10T16:32:35.644+05:30  INFO 11632 --- [user-service] [main] [                                                 ] com.netflix.discovery.DiscoveryClient    : Application is null : false
2026-01-10T16:32:35.644+05:30  INFO 11632 --- [user-service] [main] [                                                 ] com.netflix.discovery.DiscoveryClient    : Registered Applications size is zero : true
2026-01-10T16:32:35.644+05:30  INFO 11632 --- [user-service] [main] [                                                 ] com.netflix.discovery.DiscoveryClient    : Application version is -1: true
2026-01-10T16:32:35.644+05:30  INFO 11632 --- [user-service] [main] [                                                 ] com.netflix.discovery.DiscoveryClient    : Getting all instance registry info from the eureka server
2026-01-10T16:32:36.140+05:30  INFO 11632 --- [user-service] [main] [                                                 ] com.netflix.discovery.DiscoveryClient    : The response status is 200
2026-01-10T16:32:36.144+05:30  INFO 11632 --- [user-service] [main] [                                                 ] com.netflix.discovery.DiscoveryClient    : Starting heartbeat executor: renew interval is: 30
2026-01-10T16:32:36.148+05:30  INFO 11632 --- [user-service] [main] [                                                 ] c.n.discovery.InstanceInfoReplicator     : InstanceInfoReplicator onDemand update allowed rate per min is 4
2026-01-10T16:32:36.151+05:30  INFO 11632 --- [user-service] [main] [                                                 ] com.netflix.discovery.DiscoveryClient    : Discovery Client initialized at timestamp 1768042956150 with initial instances count: 1
2026-01-10T16:32:36.157+05:30  INFO 11632 --- [user-service] [main] [                                                 ] o.s.c.n.e.s.EurekaServiceRegistry        : Registering application USER-SERVICE with eureka with status UP
2026-01-10T16:32:36.158+05:30  INFO 11632 --- [user-service] [main] [                                                 ] com.netflix.discovery.DiscoveryClient    : Saw local status change event StatusChangeEvent [timestamp=1768042956158, current=UP, previous=STARTING]
2026-01-10T16:32:36.164+05:30  INFO 11632 --- [user-service] [DiscoveryClient-InstanceInfoReplicator-%d] [                                                 ] com.netflix.discovery.DiscoveryClient    : DiscoveryClient_USER-SERVICE/host.docker.internal:user-service:8082: registering service...
2026-01-10T16:32:36.164+05:30  INFO 11632 --- [user-service] [main] [                                                 ] o.s.c.s.binder.DefaultBinderFactory      : Creating binder: rabbit
2026-01-10T16:32:36.166+05:30  INFO 11632 --- [user-service] [main] [                                                 ] o.s.c.s.binder.DefaultBinderFactory      : Constructing binder child context for rabbit
2026-01-10T16:32:36.324+05:30  INFO 11632 --- [user-service] [DiscoveryClient-InstanceInfoReplicator-%d] [                                                 ] com.netflix.discovery.DiscoveryClient    : DiscoveryClient_USER-SERVICE/host.docker.internal:user-service:8082 - registration status: 204
2026-01-10T16:32:36.592+05:30  INFO 11632 --- [user-service] [main] [                                                 ] o.s.c.s.binder.DefaultBinderFactory      : Caching the binder: rabbit
2026-01-10T16:32:36.621+05:30  INFO 11632 --- [user-service] [main] [                                                 ] c.s.b.r.p.RabbitExchangeQueueProvisioner : declaring queue for inbound: springCloudBus.anonymous.wPpJUa6ZTnuJ93bP5pXTYQ, bound to: springCloudBus
2026-01-10T16:32:36.649+05:30  INFO 11632 --- [user-service] [main] [                                                 ] o.s.a.r.c.CachingConnectionFactory       : Attempting to connect to: [localhost:5672]
2026-01-10T16:32:36.662+05:30  INFO 11632 --- [user-service] [main] [                                                 ] o.s.a.r.c.CachingConnectionFactory       : Attempting to connect to: [localhost:5672]
2026-01-10T16:32:36.669+05:30  INFO 11632 --- [user-service] [main] [                                                 ] o.s.a.r.c.CachingConnectionFactory       : Attempting to connect to: [localhost:5672]
2026-01-10T16:32:36.731+05:30  INFO 11632 --- [user-service] [main] [                                                 ] o.s.c.stream.binder.BinderErrorChannel   : Channel 'rabbit-614787520.springCloudBusInput.errors' has 1 subscriber(s).
2026-01-10T16:32:36.734+05:30  INFO 11632 --- [user-service] [main] [                                                 ] o.s.c.stream.binder.BinderErrorChannel   : Channel 'rabbit-614787520.springCloudBusInput.errors' has 2 subscriber(s).
2026-01-10T16:32:36.741+05:30  INFO 11632 --- [user-service] [main] [                                                 ] o.s.a.r.c.CachingConnectionFactory       : Attempting to connect to: [localhost:5672]
2026-01-10T16:32:36.744+05:30  INFO 11632 --- [user-service] [main] [                                                 ] o.s.a.r.l.SimpleMessageListenerContainer : Broker not available; cannot force queue declarations during start: java.net.ConnectException: Connection refused: no further information
2026-01-10T16:32:36.813+05:30  INFO 11632 --- [user-service] [springCloudBus.anonymous.wPpJUa6ZTnuJ93bP5pXTYQ-1] [                                                 ] o.s.a.r.c.CachingConnectionFactory       : Attempting to connect to: [localhost:5672]
2026-01-10T16:32:36.819+05:30  INFO 11632 --- [user-service] [main] [                                                 ] o.s.i.a.i.AmqpInboundChannelAdapter      : started bean 'inbound.springCloudBus.anonymous.wPpJUa6ZTnuJ93bP5pXTYQ'
2026-01-10T16:32:36.860+05:30  INFO 11632 --- [user-service] [main] [                                                 ] o.s.boot.tomcat.TomcatWebServer          : Tomcat started on port 8082 (http) with context path '/'
2026-01-10T16:32:36.864+05:30  INFO 11632 --- [user-service] [main] [                                                 ] .s.c.n.e.s.EurekaAutoServiceRegistration : Updating port to 8082
2026-01-10T16:32:37.235+05:30  INFO 11632 --- [user-service] [main] [                                                 ] com.ecommerce.user.UserApplication       : Started UserApplication in 13.989 seconds (process running for 15.298)
2026-01-10T16:32:38.051+05:30  INFO 11632 --- [user-service] [http-nio-8082-exec-1] [                                                 ] o.a.c.c.C.[Tomcat].[localhost].[/]       : Initializing Spring DispatcherServlet 'dispatcherServlet'
2026-01-10T16:32:38.052+05:30  INFO 11632 --- [user-service] [http-nio-8082-exec-1] [                                                 ] o.s.web.servlet.DispatcherServlet        : Initializing Servlet 'dispatcherServlet'
2026-01-10T16:32:38.057+05:30  INFO 11632 --- [user-service] [http-nio-8082-exec-1] [                                                 ] o.s.web.servlet.DispatcherServlet        : Completed initialization in 4 ms
2026-01-10T16:32:41.975+05:30  WARN 11632 --- [user-service] [springCloudBus.anonymous.wPpJUa6ZTnuJ93bP5pXTYQ-1] [                                                 ] o.s.a.r.l.SimpleMessageListenerContainer : Consumer raised exception, processing can restart if the connection factory supports it. Exception summary: org.springframework.amqp.AmqpConnectException: java.net.ConnectException: Connection refused: no further information
2026-01-10T16:32:41.984+05:30  INFO 11632 --- [user-service] [springCloudBus.anonymous.wPpJUa6ZTnuJ93bP5pXTYQ-1] [                                                 ] o.s.a.r.l.SimpleMessageListenerContainer : Restarting Consumer@5effc15d: tags=[[]], channel=null, acknowledgeMode=AUTO local queue size=0
2026-01-10T16:32:41.989+05:30  INFO 11632 --- [user-service] [springCloudBus.anonymous.wPpJUa6ZTnuJ93bP5pXTYQ-2] [                                                 ] o.s.a.r.c.CachingConnectionFactory       : Attempting to connect to: [localhost:5672]
2026-01-10T16:32:47.122+05:30  WARN 11632 --- [user-service] [springCloudBus.anonymous.wPpJUa6ZTnuJ93bP5pXTYQ-2] [                                                 ] o.s.a.r.l.SimpleMessageListenerContainer : Consumer raised exception, processing can restart if the connection factory supports it. Exception summary: org.springframework.amqp.AmqpConnectException: java.net.ConnectException: Connection refused: no further information
2026-01-10T16:32:47.127+05:30  INFO 11632 --- [user-service] [springCloudBus.anonymous.wPpJUa6ZTnuJ93bP5pXTYQ-2] [                                                 ] o.s.a.r.l.SimpleMessageListenerContainer : Restarting Consumer@77592219: tags=[[]], channel=null, acknowledgeMode=AUTO local queue size=0
2026-01-10T16:32:47.131+05:30  INFO 11632 --- [user-service] [springCloudBus.anonymous.wPpJUa6ZTnuJ93bP5pXTYQ-3] [                                                 ] o.s.a.r.c.CachingConnectionFactory       : Attempting to connect to: [localhost:5672]
2026-01-10T16:32:52.303+05:30  WARN 11632 --- [user-service] [springCloudBus.anonymous.wPpJUa6ZTnuJ93bP5pXTYQ-3] [                                                 ] o.s.a.r.l.SimpleMessageListenerContainer : Consumer raised exception, processing can restart if the connection factory supports it. Exception summary: org.springframework.amqp.AmqpConnectException: java.net.ConnectException: Connection refused: no further information
2026-01-10T16:32:52.305+05:30  INFO 11632 --- [user-service] [springCloudBus.anonymous.wPpJUa6ZTnuJ93bP5pXTYQ-3] [                                                 ] o.s.a.r.l.SimpleMessageListenerContainer : Restarting Consumer@4e5f4585: tags=[[]], channel=null, acknowledgeMode=AUTO local queue size=0
2026-01-10T16:32:52.309+05:30  INFO 11632 --- [user-service] [springCloudBus.anonymous.wPpJUa6ZTnuJ93bP5pXTYQ-4] [                                                 ] o.s.a.r.c.CachingConnectionFactory       : Attempting to connect to: [localhost:5672]
2026-01-10T16:32:57.496+05:30  WARN 11632 --- [user-service] [springCloudBus.anonymous.wPpJUa6ZTnuJ93bP5pXTYQ-4] [                                                 ] o.s.a.r.l.SimpleMessageListenerContainer : Consumer raised exception, processing can restart if the connection factory supports it. Exception summary: org.springframework.amqp.AmqpConnectException: java.net.ConnectException: Connection refused: no further information
2026-01-10T16:32:57.498+05:30  INFO 11632 --- [user-service] [springCloudBus.anonymous.wPpJUa6ZTnuJ93bP5pXTYQ-4] [                                                 ] o.s.a.r.l.SimpleMessageListenerContainer : Restarting Consumer@4ec81448: tags=[[]], channel=null, acknowledgeMode=AUTO local queue size=0
2026-01-10T16:32:57.532+05:30  INFO 11632 --- [user-service] [springCloudBus.anonymous.wPpJUa6ZTnuJ93bP5pXTYQ-5] [                                                 ] o.s.a.r.c.CachingConnectionFactory       : Attempting to connect to: [localhost:5672]
2026-01-10T16:33:02.634+05:30  WARN 11632 --- [user-service] [springCloudBus.anonymous.wPpJUa6ZTnuJ93bP5pXTYQ-5] [                                                 ] o.s.a.r.l.SimpleMessageListenerContainer : Consumer raised exception, processing can restart if the connection factory supports it. Exception summary: org.springframework.amqp.AmqpConnectException: java.net.ConnectException: Connection refused: no further information
2026-01-10T16:33:02.635+05:30  INFO 11632 --- [user-service] [springCloudBus.anonymous.wPpJUa6ZTnuJ93bP5pXTYQ-5] [                                                 ] o.s.a.r.l.SimpleMessageListenerContainer : Restarting Consumer@4ca6f025: tags=[[]], channel=null, acknowledgeMode=AUTO local queue size=0
2026-01-10T16:33:02.638+05:30  INFO 11632 --- [user-service] [springCloudBus.anonymous.wPpJUa6ZTnuJ93bP5pXTYQ-6] [                                                 ] o.s.a.r.c.CachingConnectionFactory       : Attempting to connect to: [localhost:5672]
2026-01-10T16:33:07.750+05:30  WARN 11632 --- [user-service] [springCloudBus.anonymous.wPpJUa6ZTnuJ93bP5pXTYQ-6] [                                                 ] o.s.a.r.l.SimpleMessageListenerContainer : Consumer raised exception, processing can restart if the connection factory supports it. Exception summary: org.springframework.amqp.AmqpConnectException: java.net.ConnectException: Connection refused: no further information
2026-01-10T16:33:07.755+05:30  INFO 11632 --- [user-service] [springCloudBus.anonymous.wPpJUa6ZTnuJ93bP5pXTYQ-6] [                                                 ] o.s.a.r.l.SimpleMessageListenerContainer : Restarting Consumer@17fe48f2: tags=[[]], channel=null, acknowledgeMode=AUTO local queue size=0
2026-01-10T16:33:07.763+05:30  INFO 11632 --- [user-service] [springCloudBus.anonymous.wPpJUa6ZTnuJ93bP5pXTYQ-7] [                                                 ] o.s.a.r.c.CachingConnectionFactory       : Attempting to connect to: [localhost:5672]
2026-01-10T16:33:12.899+05:30  WARN 11632 --- [user-service] [springCloudBus.anonymous.wPpJUa6ZTnuJ93bP5pXTYQ-7] [                                                 ] o.s.a.r.l.SimpleMessageListenerContainer : Consumer raised exception, processing can restart if the connection factory supports it. Exception summary: org.springframework.amqp.AmqpConnectException: java.net.ConnectException: Connection refused: no further information
2026-01-10T16:33:12.900+05:30  INFO 11632 --- [user-service] [springCloudBus.anonymous.wPpJUa6ZTnuJ93bP5pXTYQ-7] [                                                 ] o.s.a.r.l.SimpleMessageListenerContainer : Restarting Consumer@4c49a4e3: tags=[[]], channel=null, acknowledgeMode=AUTO local queue size=0
2026-01-10T16:33:12.905+05:30  INFO 11632 --- [user-service] [springCloudBus.anonymous.wPpJUa6ZTnuJ93bP5pXTYQ-8] [                                                 ] o.s.a.r.c.CachingConnectionFactory       : Attempting to connect to: [localhost:5672]
2026-01-10T16:33:18.015+05:30  WARN 11632 --- [user-service] [springCloudBus.anonymous.wPpJUa6ZTnuJ93bP5pXTYQ-8] [                                                 ] o.s.a.r.l.SimpleMessageListenerContainer : Consumer raised exception, processing can restart if the connection factory supports it. Exception summary: org.springframework.amqp.AmqpConnectException: java.net.ConnectException: Connection refused: no further information
2026-01-10T16:33:18.033+05:30  INFO 11632 --- [user-service] [springCloudBus.anonymous.wPpJUa6ZTnuJ93bP5pXTYQ-8] [                                                 ] o.s.a.r.l.SimpleMessageListenerContainer : Restarting Consumer@3cbc7047: tags=[[]], channel=null, acknowledgeMode=AUTO local queue size=0
2026-01-10T16:33:18.043+05:30  INFO 11632 --- [user-service] [springCloudBus.anonymous.wPpJUa6ZTnuJ93bP5pXTYQ-9] [                                                 ] o.s.a.r.c.CachingConnectionFactory       : Attempting to connect to: [localhost:5672]
2026-01-10T16:33:18.685+05:30  INFO 11632 --- [user-service] [SpringApplicationShutdownHook] [                                                 ] o.s.c.n.e.s.EurekaServiceRegistry        : Unregistering application USER-SERVICE with eureka with status DOWN
2026-01-10T16:33:18.686+05:30  INFO 11632 --- [user-service] [SpringApplicationShutdownHook] [                                                 ] com.netflix.discovery.DiscoveryClient    : Saw local status change event StatusChangeEvent [timestamp=1768042998686, current=DOWN, previous=UP]
2026-01-10T16:33:18.687+05:30  INFO 11632 --- [user-service] [DiscoveryClient-InstanceInfoReplicator-%d] [                                                 ] com.netflix.discovery.DiscoveryClient    : DiscoveryClient_USER-SERVICE/host.docker.internal:user-service:8082: registering service...
2026-01-10T16:33:18.692+05:30  INFO 11632 --- [user-service] [SpringApplicationShutdownHook] [                                                 ] o.s.boot.tomcat.GracefulShutdown         : Commencing graceful shutdown. Waiting for active requests to complete
2026-01-10T16:33:18.697+05:30  INFO 11632 --- [user-service] [DiscoveryClient-InstanceInfoReplicator-%d] [                                                 ] com.netflix.discovery.DiscoveryClient    : DiscoveryClient_USER-SERVICE/host.docker.internal:user-service:8082 - registration status: 204
2026-01-10T16:33:18.853+05:30  INFO 11632 --- [user-service] [tomcat-shutdown] [                                                 ] o.s.boot.tomcat.GracefulShutdown         : Graceful shutdown complete
2026-01-10T16:33:18.860+05:30  INFO 11632 --- [user-service] [SpringApplicationShutdownHook] [                                                 ] o.s.a.r.l.SimpleMessageListenerContainer : Waiting for workers to finish.
2026-01-10T16:33:18.861+05:30  INFO 11632 --- [user-service] [SpringApplicationShutdownHook] [                                                 ] o.s.a.r.l.SimpleMessageListenerContainer : Successfully waited for workers to finish.
2026-01-10T16:33:18.862+05:30  INFO 11632 --- [user-service] [SpringApplicationShutdownHook] [                                                 ] o.s.i.a.i.AmqpInboundChannelAdapter      : stopped bean 'inbound.springCloudBus.anonymous.wPpJUa6ZTnuJ93bP5pXTYQ'
2026-01-10T16:33:18.864+05:30  INFO 11632 --- [user-service] [SpringApplicationShutdownHook] [                                                 ] o.s.c.stream.binder.BinderErrorChannel   : Channel 'user-service.rabbit-614787520.springCloudBusInput.errors' has 1 subscriber(s).
2026-01-10T16:33:18.866+05:30  INFO 11632 --- [user-service] [SpringApplicationShutdownHook] [                                                 ] o.s.c.stream.binder.BinderErrorChannel   : Channel 'user-service.rabbit-614787520.springCloudBusInput.errors' has 0 subscriber(s).
2026-01-10T16:33:18.908+05:30  INFO 11632 --- [user-service] [SpringApplicationShutdownHook] [                                                 ] o.s.i.endpoint.EventDrivenConsumer       : Removing {logging-channel-adapter:_org.springframework.integration.errorLogger} as a subscriber to the 'errorChannel' channel
2026-01-10T16:33:18.909+05:30  INFO 11632 --- [user-service] [SpringApplicationShutdownHook] [                                                 ] o.s.i.channel.PublishSubscribeChannel    : Channel 'user-service.errorChannel' has 0 subscriber(s).
2026-01-10T16:33:18.909+05:30  INFO 11632 --- [user-service] [SpringApplicationShutdownHook] [                                                 ] o.s.i.endpoint.EventDrivenConsumer       : stopped bean '_org.springframework.integration.errorLogger'
2026-01-10T16:33:19.878+05:30  INFO 11632 --- [user-service] [SpringApplicationShutdownHook] [                                                 ] com.netflix.discovery.DiscoveryClient    : Shutting down DiscoveryClient ...
2026-01-10T16:33:22.888+05:30  INFO 11632 --- [user-service] [SpringApplicationShutdownHook] [                                                 ] com.netflix.discovery.DiscoveryClient    : Unregistering ...
2026-01-10T16:33:22.909+05:30  INFO 11632 --- [user-service] [SpringApplicationShutdownHook] [                                                 ] com.netflix.discovery.DiscoveryClient    : DiscoveryClient_USER-SERVICE/host.docker.internal:user-service:8082 - deregister  status: 200
2026-01-10T16:33:22.909+05:30  INFO 11632 --- [user-service] [SpringApplicationShutdownHook] [                                                 ] com.netflix.discovery.DiscoveryClient    : Completed shut down of DiscoveryClient
